# JRE version: Java(TM) SE Runtime Environment (7.0_75-b13) (build 1.7.0_75-b13)
# Java VM: Java HotSpot(TM) 64-Bit Server VM (24.75-b04 mixed mode bsd-amd64 compressed oops)
Heap
 PSYoungGen      total 137216K, used 80793K [0x0000000139880000, 0x0000000146e00000, 0x000000014ee00000)
  eden space 106496K, 50% used [0x0000000139880000,0x000000013cd38698,0x0000000140080000)
  from space 30720K, 87% used [0x0000000140080000,0x0000000141aae088,0x0000000141e80000)
  to   space 34816K, 0% used [0x0000000144c00000,0x0000000144c00000,0x0000000146e00000)
 ParOldGen       total 77824K, used 39691K [0x000000010ee00000, 0x0000000113a00000, 0x0000000139880000)
  object space 77824K, 51% used [0x000000010ee00000,0x00000001114c2ea0,0x0000000113a00000)
 PSPermGen       total 21504K, used 7139K [0x0000000109c00000, 0x000000010b100000, 0x000000010ee00000)
  object space 21504K, 33% used [0x0000000109c00000,0x000000010a2f8eb0,0x000000010b100000)
GC Heap History (10 events):
Event: 5.115 GC heap before
{Heap before GC invocations=6 (full 0):
 PSYoungGen      total 36352K, used 36330K [0x0000000139880000, 0x000000013f280000, 0x000000014ee00000)
  eden space 33792K, 100% used [0x0000000139880000,0x000000013b980000,0x000000013b980000)
  from space 2560K, 99% used [0x000000013b980000,0x000000013bbfaac8,0x000000013bc00000)
  to   space 12288K, 0% used [0x000000013e680000,0x000000013e680000,0x000000013f280000)
 ParOldGen       total 43520K, used 24682K [0x000000010ee00000, 0x0000000111880000, 0x0000000139880000)
  object space 43520K, 56% used [0x000000010ee00000,0x000000011061ab00,0x0000000111880000)
 PSPermGen       total 21504K, used 5901K [0x0000000109c00000, 0x000000010b100000, 0x000000010ee00000)
  object space 21504K, 27% used [0x0000000109c00000,0x000000010a1c36b8,0x000000010b100000)
Event: 5.145 GC heap after
Heap after GC invocations=6 (full 0):
 PSYoungGen      total 78336K, used 10946K [0x0000000139880000, 0x000000013f580000, 0x000000014ee00000)
  eden space 66048K, 0% used [0x0000000139880000,0x0000000139880000,0x000000013d900000)
  from space 12288K, 89% used [0x000000013e680000,0x000000013f130808,0x000000013f280000)
  to   space 13824K, 0% used [0x000000013d900000,0x000000013d900000,0x000000013e680000)
 ParOldGen       total 43520K, used 24682K [0x000000010ee00000, 0x0000000111880000, 0x0000000139880000)
  object space 43520K, 56% used [0x000000010ee00000,0x000000011061ab00,0x0000000111880000)
 PSPermGen       total 21504K, used 5901K [0x0000000109c00000, 0x000000010b100000, 0x000000010ee00000)
  object space 21504K, 27% used [0x0000000109c00000,0x000000010a1c36b8,0x000000010b100000)
}
Event: 14.457 GC heap before
{Heap before GC invocations=7 (full 0):
 PSYoungGen      total 78336K, used 76994K [0x0000000139880000, 0x000000013f580000, 0x000000014ee00000)
  eden space 66048K, 100% used [0x0000000139880000,0x000000013d900000,0x000000013d900000)
  from space 12288K, 89% used [0x000000013e680000,0x000000013f130808,0x000000013f280000)
  to   space 13824K, 0% used [0x000000013d900000,0x000000013d900000,0x000000013e680000)
 ParOldGen       total 43520K, used 24682K [0x000000010ee00000, 0x0000000111880000, 0x0000000139880000)
  object space 43520K, 56% used [0x000000010ee00000,0x000000011061ab00,0x0000000111880000)
 PSPermGen       total 21504K, used 6671K [0x0000000109c00000, 0x000000010b100000, 0x000000010ee00000)
  object space 21504K, 31% used [0x0000000109c00000,0x000000010a283d28,0x000000010b100000)
Event: 14.537 GC heap after
Heap after GC invocations=7 (full 0):
 PSYoungGen      total 79872K, used 13801K [0x0000000139880000, 0x0000000145680000, 0x000000014ee00000)
  eden space 66048K, 0% used [0x0000000139880000,0x0000000139880000,0x000000013d900000)
  from space 13824K, 99% used [0x000000013d900000,0x000000013e67a6a0,0x000000013e680000)
  to   space 31232K, 0% used [0x0000000143800000,0x0000000143800000,0x0000000145680000)
 ParOldGen       total 62976K, used 55595K [0x000000010ee00000, 0x0000000112b80000, 0x0000000139880000)
  object space 62976K, 88% used [0x000000010ee00000,0x000000011244afc8,0x0000000112b80000)
 PSPermGen       total 21504K, used 6671K [0x0000000109c00000, 0x000000010b100000, 0x000000010ee00000)
  object space 21504K, 31% used [0x0000000109c00000,0x000000010a283d28,0x000000010b100000)
}
Event: 14.537 GC heap before
{Heap before GC invocations=8 (full 1):
 PSYoungGen      total 79872K, used 13801K [0x0000000139880000, 0x0000000145680000, 0x000000014ee00000)
  eden space 66048K, 0% used [0x0000000139880000,0x0000000139880000,0x000000013d900000)
  from space 13824K, 99% used [0x000000013d900000,0x000000013e67a6a0,0x000000013e680000)
  to   space 31232K, 0% used [0x0000000143800000,0x0000000143800000,0x0000000145680000)
 ParOldGen       total 62976K, used 55595K [0x000000010ee00000, 0x0000000112b80000, 0x0000000139880000)
  object space 62976K, 88% used [0x000000010ee00000,0x000000011244afc8,0x0000000112b80000)
 PSPermGen       total 21504K, used 6671K [0x0000000109c00000, 0x000000010b100000, 0x000000010ee00000)
  object space 21504K, 31% used [0x0000000109c00000,0x000000010a283d28,0x000000010b100000)
Event: 14.736 GC heap after
Heap after GC invocations=8 (full 1):
 PSYoungGen      total 79872K, used 0K [0x0000000139880000, 0x0000000145680000, 0x000000014ee00000)
  eden space 66048K, 0% used [0x0000000139880000,0x0000000139880000,0x000000013d900000)
  from space 13824K, 0% used [0x000000013d900000,0x000000013d900000,0x000000013e680000)
  to   space 31232K, 0% used [0x0000000143800000,0x0000000143800000,0x0000000145680000)
 ParOldGen       total 77824K, used 32161K [0x000000010ee00000, 0x0000000113a00000, 0x0000000139880000)
  object space 77824K, 41% used [0x000000010ee00000,0x0000000110d68428,0x0000000113a00000)
 PSPermGen       total 21504K, used 6668K [0x0000000109c00000, 0x000000010b100000, 0x000000010ee00000)
  object space 21504K, 31% used [0x0000000109c00000,0x000000010a283308,0x000000010b100000)
}
Event: 17.175 GC heap before
{Heap before GC invocations=9 (full 1):
 PSYoungGen      total 79872K, used 66048K [0x0000000139880000, 0x0000000145680000, 0x000000014ee00000)
  eden space 66048K, 100% used [0x0000000139880000,0x000000013d900000,0x000000013d900000)
  from space 13824K, 0% used [0x000000013d900000,0x000000013d900000,0x000000013e680000)
  to   space 31232K, 0% used [0x0000000143800000,0x0000000143800000,0x0000000145680000)
 ParOldGen       total 77824K, used 32161K [0x000000010ee00000, 0x0000000113a00000, 0x0000000139880000)
  object space 77824K, 41% used [0x000000010ee00000,0x0000000110d68428,0x0000000113a00000)
 PSPermGen       total 21504K, used 7106K [0x0000000109c00000, 0x000000010b100000, 0x000000010ee00000)
  object space 21504K, 33% used [0x0000000109c00000,0x000000010a2f0958,0x000000010b100000)
Event: 17.182 GC heap after
Heap after GC invocations=9 (full 1):
 PSYoungGen      total 108544K, used 4244K [0x0000000139880000, 0x0000000143c80000, 0x000000014ee00000)
  eden space 103936K, 0% used [0x0000000139880000,0x0000000139880000,0x000000013fe00000)
  from space 4608K, 92% used [0x0000000143800000,0x0000000143c25100,0x0000000143c80000)
  to   space 30720K, 0% used [0x0000000140080000,0x0000000140080000,0x0000000141e80000)
 ParOldGen       total 77824K, used 32161K [0x000000010ee00000, 0x0000000113a00000, 0x0000000139880000)
  object space 77824K, 41% used [0x000000010ee00000,0x0000000110d68428,0x0000000113a00000)
 PSPermGen       total 21504K, used 7106K [0x0000000109c00000, 0x000000010b100000, 0x000000010ee00000)
  object space 21504K, 33% used [0x0000000109c00000,0x000000010a2f0958,0x000000010b100000)
}
Event: 17.825 GC heap before
{Heap before GC invocations=10 (full 1):
 PSYoungGen      total 108544K, used 108180K [0x0000000139880000, 0x0000000143c80000, 0x000000014ee00000)
  eden space 103936K, 100% used [0x0000000139880000,0x000000013fe00000,0x000000013fe00000)
  from space 4608K, 92% used [0x0000000143800000,0x0000000143c25100,0x0000000143c80000)
  to   space 30720K, 0% used [0x0000000140080000,0x0000000140080000,0x0000000141e80000)
 ParOldGen       total 77824K, used 32161K [0x000000010ee00000, 0x0000000113a00000, 0x0000000139880000)
  object space 77824K, 41% used [0x000000010ee00000,0x0000000110d68428,0x0000000113a00000)
 PSPermGen       total 21504K, used 7131K [0x0000000109c00000, 0x000000010b100000, 0x000000010ee00000)
  object space 21504K, 33% used [0x0000000109c00000,0x000000010a2f6d88,0x000000010b100000)
Event: 17.883 GC heap after
Heap after GC invocations=10 (full 1):
 PSYoungGen      total 137216K, used 26808K [0x0000000139880000, 0x0000000146e00000, 0x000000014ee00000)
  eden space 106496K, 0% used [0x0000000139880000,0x0000000139880000,0x0000000140080000)
  from space 30720K, 87% used [0x0000000140080000,0x0000000141aae088,0x0000000141e80000)
  to   space 34816K, 0% used [0x0000000144c00000,0x0000000144c00000,0x0000000146e00000)
 ParOldGen       total 77824K, used 39691K [0x000000010ee00000, 0x0000000113a00000, 0x0000000139880000)
  object space 77824K, 51% used [0x000000010ee00000,0x00000001114c2ea0,0x0000000113a00000)
 PSPermGen       total 21504K, used 7131K [0x0000000109c00000, 0x000000010b100000, 0x000000010ee00000)
  object space 21504K, 33% used [0x0000000109c00000,0x000000010a2f6d88,0x000000010b100000)
}

